#
# A fatal error has been detected by the Java Runtime Environment:
#
#  SIGSEGV (0xb) at pc=0x00007f6040ac4f0f, pid=23453, tid=23461
#
# JRE version:  (11.0.10+9) (build )
# Java VM: OpenJDK 64-Bit Server VM (11.0.10+9-Ubuntu-0ubuntu1.18.04, mixed mode, sharing, tiered, compressed oops, g1 gc, linux-amd64)
# Problematic frame:
# V  [libjvm.so+0x90bf0f]
#
# Core dump will be written. Default location: Core dumps may be processed with "/usr/share/apport/apport %p %s %c %d %P %E" (or dumping to /home/nikhil/git/Anti-Repackaging-By-pass/signatureAddition/core.23453)
#
#

---------------  S U M M A R Y ------------

Command Line: -Dfile.encoding=UTF-8 signatureAddition.LogAnalysis

Host: Intel(R) Core(TM) i5-10210U CPU @ 1.60GHz, 8 cores, 7G, Ubuntu 18.04.5 LTS
Time: Thu Jul  8 07:10:09 2021 IST elapsed time: 0.035981 seconds (0d 0h 0m 0s)

---------------  T H R E A D  ---------------

Current thread (0x00007f6038017000):  JavaThread "Unknown thread" [_thread_in_vm, id=23461, stack(0x00007f6042450000,0x00007f6042551000)]

Stack: [0x00007f6042450000,0x00007f6042551000],  sp=0x00007f604254f400,  free space=1021k
Native frames: (J=compiled Java code, A=aot compiled Java code, j=interpreted, Vv=VM code, C=native code)
V  [libjvm.so+0x90bf0f]
j  java.lang.Object.registerNatives()V+0 java.base
j  java.lang.Object.<clinit>()V+0 java.base
v  ~StubRoutines::call_stub
V  [libjvm.so+0x880719]
V  [libjvm.so+0x851bcf]
V  [libjvm.so+0x8520af]
V  [libjvm.so+0x851f56]
V  [libjvm.so+0xe7dd76]
V  [libjvm.so+0xe7ff82]
V  [libjvm.so+0x909d51]  JNI_CreateJavaVM+0x51
C  [libjli.so+0x4c5f]
C  [libjli.so+0x949d]

Java frames: (J=compiled Java code, j=interpreted, Vv=VM code)
j  java.lang.Object.registerNatives()V+0 java.base
j  java.lang.Object.<clinit>()V+0 java.base
v  ~StubRoutines::call_stub

siginfo: si_signo: 11 (SIGSEGV), si_code: 1 (SEGV_MAPERR), si_addr: 0x0000000000000000

Register to memory mapping:

RAX=0x00007f6040ae4d50: JVM_IHashCode+0x0000000000000000 in /usr/lib/jvm/java-11-openjdk-amd64/lib/server/libjvm.so at 0x00007f60401b9000
RBX=0x00007f603f25999d: <offset 0x000000000002299d> in /usr/lib/jvm/java-11-openjdk-amd64/lib/libjava.so at 0x00007f603f237000
RCX=0x0 is NULL
RDX=0x00000008003be5d8 is pointing into metadata
RSP=0x00007f604254f400 is pointing into the stack for thread: 0x00007f6038017000
RBP=0x00007f604254f560 is pointing into the stack for thread: 0x00007f6038017000
RSI=0x00000008003bcd80 is pointing into metadata
RDI=0x0 is NULL
R8 =0x0 is NULL
R9 =0x0000000000009b68 is an unknown value
R10=0x0000000800a443f4 is pointing into metadata
R11=0x0000000000000028 is an unknown value
R12=0x00007f603f2595fd: <offset 0x00000000000225fd> in /usr/lib/jvm/java-11-openjdk-amd64/lib/libjava.so at 0x00007f603f237000
R13=0x00000008003bcd80 is pointing into metadata
R14=0x00007f603f461280: <offset 0x000000000022a280> in /usr/lib/jvm/java-11-openjdk-amd64/lib/libjava.so at 0x00007f603f237000
R15=0x0 is NULL


Registers:
RAX=0x00007f6040ae4d50, RBX=0x00007f603f25999d, RCX=0x0000000000000000, RDX=0x00000008003be5d8
RSP=0x00007f604254f400, RBP=0x00007f604254f560, RSI=0x00000008003bcd80, RDI=0x0000000000000000
R8 =0x0000000000000000, R9 =0x0000000000009b68, R10=0x0000000800a443f4, R11=0x0000000000000028
R12=0x00007f603f2595fd, R13=0x00000008003bcd80, R14=0x00007f603f461280, R15=0x0000000000000000
RIP=0x00007f6040ac4f0f, EFLAGS=0x0000000000010246, CSGSFS=0x002b000000000033, ERR=0x0000000000000004
  TRAPNO=0x000000000000000e

Top of Stack: (sp=0x00007f604254f400)
0x00007f604254f400:   00007f604254f310 0000000000000000
0x00007f604254f410:   00007f604254f474 00007f60208eaa00
0x00007f604254f420:   00007f603f4612f8 00007f6038017000
0x00007f604254f430:   00007f6040ae4d50 00007f60415b00d0 

Instructions: (pc=0x00007f6040ac4f0f)
0x00007f6040ac4e0f:   48 8d 05 0a 1f c1 00 48 8b 18 48 8b 41 08 0f b7
0x00007f6040ac4e1f:   50 2a 48 8b 40 08 48 8b 7c d0 40 e8 61 09 52 00
0x00007f6040ac4e2f:   48 8b 8d f8 fe ff ff 49 89 c4 48 8b 41 08 48 8b
0x00007f6040ac4e3f:   40 08 48 8b 78 18 e8 26 91 12 00 48 8d 35 ef 97
0x00007f6040ac4e4f:   6a 00 48 89 c2 48 89 df 4c 89 e1 31 c0 e8 af cd
0x00007f6040ac4e5f:   31 00 48 8b bd e8 fe ff ff e8 63 42 c5 ff 48 8b
0x00007f6040ac4e6f:   bd 08 ff ff ff 49 83 c6 18 e8 c3 21 52 00 48 8b
0x00007f6040ac4e7f:   bd 00 ff ff ff e8 b7 21 52 00 4c 3b b5 c0 fe ff
0x00007f6040ac4e8f:   ff 0f 84 da 05 00 00 49 8b 1e 4d 8b 66 08 48 89
0x00007f6040ac4e9f:   df e8 3b d6 96 ff 48 8b 95 e8 fe ff ff 89 c6 48
0x00007f6040ac4eaf:   89 df e8 ca 33 52 00 4c 89 e7 49 89 c5 48 89 85
0x00007f6040ac4ebf:   00 ff ff ff e8 18 d6 96 ff 48 8b 95 e8 fe ff ff
0x00007f6040ac4ecf:   89 c6 4c 89 e7 e8 a7 33 52 00 4d 85 ed 48 89 85
0x00007f6040ac4edf:   08 ff ff ff 0f 84 67 04 00 00 48 85 c0 0f 84 5e
0x00007f6040ac4eef:   04 00 00 48 89 c2 49 8b 46 10 31 c9 45 31 c0 48
0x00007f6040ac4eff:   8b b5 00 ff ff ff 4c 89 ff 48 89 85 d0 fe ff ff
0x00007f6040ac4f0f:   49 8b 07 ff 90 c0 00 00 00 48 85 c0 48 89 c1 0f
0x00007f6040ac4f1f:   84 f4 02 00 00 f6 40 21 01 0f 85 62 fe ff ff 48
0x00007f6040ac4f2f:   8b 85 c8 fe ff ff 48 8b bd 00 ff ff ff 48 8b 80
0x00007f6040ac4f3f:   78 02 00 00 48 89 85 f8 fe ff ff f3 0f 7e 40 18
0x00007f6040ac4f4f:   f3 0f 7e 8d f8 fe ff ff 0f 16 40 20 0f 16 48 10
0x00007f6040ac4f5f:   0f 29 45 80 0f 29 8d 70 ff ff ff 48 8b 40 28 48
0x00007f6040ac4f6f:   89 45 90 0f b7 07 89 85 f8 fe ff ff e8 10 08 52
0x00007f6040ac4f7f:   00 48 8b bd b0 fe ff ff 48 89 85 f0 fe ff ff e8
0x00007f6040ac4f8f:   9d 55 0f 00 48 89 85 d8 fe ff ff 8b 85 14 ff ff
0x00007f6040ac4f9f:   ff 85 c0 0f 8e cf 04 00 00 48 8b 85 e0 fe ff ff
0x00007f6040ac4faf:   41 bc 01 00 00 00 4c 89 b5 a8 fe ff ff 48 89 85
0x00007f6040ac4fbf:   b8 fe ff ff eb 35 0f 1f 00 f6 40 21 01 0f 85 2e
0x00007f6040ac4fcf:   03 00 00 4c 89 f7 e8 66 20 52 00 4c 89 ad f0 fe
0x00007f6040ac4fdf:   ff ff 89 9d f8 fe ff ff 44 89 e0 49 83 c4 01 39
0x00007f6040ac4fef:   85 14 ff ff ff 0f 8e a6 00 00 00 48 8b 85 d8 fe
0x00007f6040ac4fff:   ff ff 4e 8b 74 e0 f8 4c 89 f7 e8 d2 d4 96 ff 8b 


Stack slot to memory mapping:
stack at sp + 0 slots: 0x00007f604254f310 is pointing into the stack for thread: 0x00007f6038017000
stack at sp + 1 slots: 0x0 is NULL
stack at sp + 2 slots: 0x00007f604254f474 is pointing into the stack for thread: 0x00007f6038017000
stack at sp + 3 slots: 0x00007f60208eaa00 is at code_begin+0 in 
[CodeBlob (0x00007f60208ea990)]
Framesize: 0
BufferBlob (0x00007f60208ea990) used for Signature Handler Temp Buffer
stack at sp + 4 slots: 0x00007f603f4612f8: <offset 0x000000000022a2f8> in /usr/lib/jvm/java-11-openjdk-amd64/lib/libjava.so at 0x00007f603f237000
stack at sp + 5 slots: 0x00007f6038017000 is a thread
stack at sp + 6 slots: 0x00007f6040ae4d50: JVM_IHashCode+0x0000000000000000 in /usr/lib/jvm/java-11-openjdk-amd64/lib/server/libjvm.so at 0x00007f60401b9000
stack at sp + 7 slots: 0x00007f60415b00d0: <offset 0x00000000013f70d0> in /usr/lib/jvm/java-11-openjdk-amd64/lib/server/libjvm.so at 0x00007f60401b9000


---------------  P R O C E S S  ---------------

Threads class SMR info:
_java_thread_list=0x00007f603811cdf0, length=1, elements={
0x00007f6038017000
}

Java Threads: ( => current thread )
=>0x00007f6038017000 JavaThread "Unknown thread" [_thread_in_vm, id=23461, stack(0x00007f6042450000,0x00007f6042551000)]

Other Threads:
  0x00007f603811d000 VMThread "VM Thread" [stack: 0x00007f603c18f000,0x00007f603c28f000] [id=23467]
  0x00007f603802f800 GCTaskThread "GC Thread#0" [stack: 0x00007f603e311000,0x00007f603e411000] [id=23462]
  0x00007f6038060800 ConcurrentGCThread "G1 Main Marker" [stack: 0x00007f603cea3000,0x00007f603cfa3000] [id=23463]
  0x00007f6038062800 ConcurrentGCThread "G1 Conc#0" [stack: 0x00007f603cda1000,0x00007f603cea1000] [id=23464]
  0x00007f60380e9800 ConcurrentGCThread "G1 Refine#0" [stack: 0x00007f603c497000,0x00007f603c597000] [id=23465]
  0x00007f60380eb800 ConcurrentGCThread "G1 Young RemSet Sampling" [stack: 0x00007f603c395000,0x00007f603c495000] [id=23466]

Threads with active compile tasks:

VM state:not at safepoint (normal execution)

VM Mutex/Monitor currently owned by a thread: None

Heap address: 0x0000000086800000, size: 1944 MB, Compressed Oops mode: 32-bit
Narrow klass base: 0x0000000800000000, Narrow klass shift: 3
Compressed class space size: 1073741824 Address: 0x0000000840000000

Heap:
 garbage-first heap   total 126976K, used 712K [0x0000000086800000, 0x0000000100000000)
  region size 1024K, 1 young (1024K), 0 survivors (0K)
 Metaspace       used 2K, capacity 4480K, committed 4480K, reserved 1056768K
  class space    used 1K, capacity 384K, committed 384K, reserved 1048576K
Heap Regions: E=young(eden), S=young(survivor), O=old, HS=humongous(starts), HC=humongous(continues), CS=collection set, F=free, A=archive, TAMS=top-at-mark-start (previous, next)
|   0|0x0000000086800000, 0x0000000086800000, 0x0000000086900000|  0%| F|  |TAMS 0x0000000086800000, 0x0000000086800000| Untracked 
|   1|0x0000000086900000, 0x0000000086900000, 0x0000000086a00000|  0%| F|  |TAMS 0x0000000086900000, 0x0000000086900000| Untracked 
|   2|0x0000000086a00000, 0x0000000086a00000, 0x0000000086b00000|  0%| F|  |TAMS 0x0000000086a00000, 0x0000000086a00000| Untracked 
|   3|0x0000000086b00000, 0x0000000086b00000, 0x0000000086c00000|  0%| F|  |TAMS 0x0000000086b00000, 0x0000000086b00000| Untracked 
|   4|0x0000000086c00000, 0x0000000086c00000, 0x0000000086d00000|  0%| F|  |TAMS 0x0000000086c00000, 0x0000000086c00000| Untracked 
|   5|0x0000000086d00000, 0x0000000086d00000, 0x0000000086e00000|  0%| F|  |TAMS 0x0000000086d00000, 0x0000000086d00000| Untracked 
|   6|0x0000000086e00000, 0x0000000086e00000, 0x0000000086f00000|  0%| F|  |TAMS 0x0000000086e00000, 0x0000000086e00000| Untracked 
|   7|0x0000000086f00000, 0x0000000086f00000, 0x0000000087000000|  0%| F|  |TAMS 0x0000000086f00000, 0x0000000086f00000| Untracked 
|   8|0x0000000087000000, 0x0000000087000000, 0x0000000087100000|  0%| F|  |TAMS 0x0000000087000000, 0x0000000087000000| Untracked 
|   9|0x0000000087100000, 0x0000000087100000, 0x0000000087200000|  0%| F|  |TAMS 0x0000000087100000, 0x0000000087100000| Untracked 
|  10|0x0000000087200000, 0x0000000087200000, 0x0000000087300000|  0%| F|  |TAMS 0x0000000087200000, 0x0000000087200000| Untracked 
|  11|0x0000000087300000, 0x0000000087300000, 0x0000000087400000|  0%| F|  |TAMS 0x0000000087300000, 0x0000000087300000| Untracked 
|  12|0x0000000087400000, 0x0000000087400000, 0x0000000087500000|  0%| F|  |TAMS 0x0000000087400000, 0x0000000087400000| Untracked 
|  13|0x0000000087500000, 0x0000000087500000, 0x0000000087600000|  0%| F|  |TAMS 0x0000000087500000, 0x0000000087500000| Untracked 
|  14|0x0000000087600000, 0x0000000087600000, 0x0000000087700000|  0%| F|  |TAMS 0x0000000087600000, 0x0000000087600000| Untracked 
|  15|0x0000000087700000, 0x0000000087700000, 0x0000000087800000|  0%| F|  |TAMS 0x0000000087700000, 0x0000000087700000| Untracked 
|  16|0x0000000087800000, 0x0000000087800000, 0x0000000087900000|  0%| F|  |TAMS 0x0000000087800000, 0x0000000087800000| Untracked 
|  17|0x0000000087900000, 0x0000000087900000, 0x0000000087a00000|  0%| F|  |TAMS 0x0000000087900000, 0x0000000087900000| Untracked 
|  18|0x0000000087a00000, 0x0000000087a00000, 0x0000000087b00000|  0%| F|  |TAMS 0x0000000087a00000, 0x0000000087a00000| Untracked 
|  19|0x0000000087b00000, 0x0000000087b00000, 0x0000000087c00000|  0%| F|  |TAMS 0x0000000087b00000, 0x0000000087b00000| Untracked 
|  20|0x0000000087c00000, 0x0000000087c00000, 0x0000000087d00000|  0%| F|  |TAMS 0x0000000087c00000, 0x0000000087c00000| Untracked 
|  21|0x0000000087d00000, 0x0000000087d00000, 0x0000000087e00000|  0%| F|  |TAMS 0x0000000087d00000, 0x0000000087d00000| Untracked 
|  22|0x0000000087e00000, 0x0000000087e00000, 0x0000000087f00000|  0%| F|  |TAMS 0x0000000087e00000, 0x0000000087e00000| Untracked 
|  23|0x0000000087f00000, 0x0000000087f00000, 0x0000000088000000|  0%| F|  |TAMS 0x0000000087f00000, 0x0000000087f00000| Untracked 
|  24|0x0000000088000000, 0x0000000088000000, 0x0000000088100000|  0%| F|  |TAMS 0x0000000088000000, 0x0000000088000000| Untracked 
|  25|0x0000000088100000, 0x0000000088100000, 0x0000000088200000|  0%| F|  |TAMS 0x0000000088100000, 0x0000000088100000| Untracked 
|  26|0x0000000088200000, 0x0000000088200000, 0x0000000088300000|  0%| F|  |TAMS 0x0000000088200000, 0x0000000088200000| Untracked 
|  27|0x0000000088300000, 0x0000000088300000, 0x0000000088400000|  0%| F|  |TAMS 0x0000000088300000, 0x0000000088300000| Untracked 
|  28|0x0000000088400000, 0x0000000088400000, 0x0000000088500000|  0%| F|  |TAMS 0x0000000088400000, 0x0000000088400000| Untracked 
|  29|0x0000000088500000, 0x0000000088500000, 0x0000000088600000|  0%| F|  |TAMS 0x0000000088500000, 0x0000000088500000| Untracked 
|  30|0x0000000088600000, 0x0000000088600000, 0x0000000088700000|  0%| F|  |TAMS 0x0000000088600000, 0x0000000088600000| Untracked 
|  31|0x0000000088700000, 0x0000000088700000, 0x0000000088800000|  0%| F|  |TAMS 0x0000000088700000, 0x0000000088700000| Untracked 
|  32|0x0000000088800000, 0x0000000088800000, 0x0000000088900000|  0%| F|  |TAMS 0x0000000088800000, 0x0000000088800000| Untracked 
|  33|0x0000000088900000, 0x0000000088900000, 0x0000000088a00000|  0%| F|  |TAMS 0x0000000088900000, 0x0000000088900000| Untracked 
|  34|0x0000000088a00000, 0x0000000088a00000, 0x0000000088b00000|  0%| F|  |TAMS 0x0000000088a00000, 0x0000000088a00000| Untracked 
|  35|0x0000000088b00000, 0x0000000088b00000, 0x0000000088c00000|  0%| F|  |TAMS 0x0000000088b00000, 0x0000000088b00000| Untracked 
|  36|0x0000000088c00000, 0x0000000088c00000, 0x0000000088d00000|  0%| F|  |TAMS 0x0000000088c00000, 0x0000000088c00000| Untracked 
|  37|0x0000000088d00000, 0x0000000088d00000, 0x0000000088e00000|  0%| F|  |TAMS 0x0000000088d00000, 0x0000000088d00000| Untracked 
|  38|0x0000000088e00000, 0x0000000088e00000, 0x0000000088f00000|  0%| F|  |TAMS 0x0000000088e00000, 0x0000000088e00000| Untracked 
|  39|0x0000000088f00000, 0x0000000088f00000, 0x0000000089000000|  0%| F|  |TAMS 0x0000000088f00000, 0x0000000088f00000| Untracked 
|  40|0x0000000089000000, 0x0000000089000000, 0x0000000089100000|  0%| F|  |TAMS 0x0000000089000000, 0x0000000089000000| Untracked 
|  41|0x0000000089100000, 0x0000000089100000, 0x0000000089200000|  0%| F|  |TAMS 0x0000000089100000, 0x0000000089100000| Untracked 
|  42|0x0000000089200000, 0x0000000089200000, 0x0000000089300000|  0%| F|  |TAMS 0x0000000089200000, 0x0000000089200000| Untracked 
|  43|0x0000000089300000, 0x0000000089300000, 0x0000000089400000|  0%| F|  |TAMS 0x0000000089300000, 0x0000000089300000| Untracked 
|  44|0x0000000089400000, 0x0000000089400000, 0x0000000089500000|  0%| F|  |TAMS 0x0000000089400000, 0x0000000089400000| Untracked 
|  45|0x0000000089500000, 0x0000000089500000, 0x0000000089600000|  0%| F|  |TAMS 0x0000000089500000, 0x0000000089500000| Untracked 
|  46|0x0000000089600000, 0x0000000089600000, 0x0000000089700000|  0%| F|  |TAMS 0x0000000089600000, 0x0000000089600000| Untracked 
|  47|0x0000000089700000, 0x0000000089700000, 0x0000000089800000|  0%| F|  |TAMS 0x0000000089700000, 0x0000000089700000| Untracked 
|  48|0x0000000089800000, 0x0000000089800000, 0x0000000089900000|  0%| F|  |TAMS 0x0000000089800000, 0x0000000089800000| Untracked 
|  49|0x0000000089900000, 0x0000000089900000, 0x0000000089a00000|  0%| F|  |TAMS 0x0000000089900000, 0x0000000089900000| Untracked 
|  50|0x0000000089a00000, 0x0000000089a00000, 0x0000000089b00000|  0%| F|  |TAMS 0x0000000089a00000, 0x0000000089a00000| Untracked 
|  51|0x0000000089b00000, 0x0000000089b00000, 0x0000000089c00000|  0%| F|  |TAMS 0x0000000089b00000, 0x0000000089b00000| Untracked 
|  52|0x0000000089c00000, 0x0000000089c00000, 0x0000000089d00000|  0%| F|  |TAMS 0x0000000089c00000, 0x0000000089c00000| Untracked 
|  53|0x0000000089d00000, 0x0000000089d00000, 0x0000000089e00000|  0%| F|  |TAMS 0x0000000089d00000, 0x0000000089d00000| Untracked 
|  54|0x0000000089e00000, 0x0000000089e00000, 0x0000000089f00000|  0%| F|  |TAMS 0x0000000089e00000, 0x0000000089e00000| Untracked 
|  55|0x0000000089f00000, 0x0000000089f00000, 0x000000008a000000|  0%| F|  |TAMS 0x0000000089f00000, 0x0000000089f00000| Untracked 
|  56|0x000000008a000000, 0x000000008a000000, 0x000000008a100000|  0%| F|  |TAMS 0x000000008a000000, 0x000000008a000000| Untracked 
|  57|0x000000008a100000, 0x000000008a100000, 0x000000008a200000|  0%| F|  |TAMS 0x000000008a100000, 0x000000008a100000| Untracked 
|  58|0x000000008a200000, 0x000000008a200000, 0x000000008a300000|  0%| F|  |TAMS 0x000000008a200000, 0x000000008a200000| Untracked 
|  59|0x000000008a300000, 0x000000008a300000, 0x000000008a400000|  0%| F|  |TAMS 0x000000008a300000, 0x000000008a300000| Untracked 
|  60|0x000000008a400000, 0x000000008a400000, 0x000000008a500000|  0%| F|  |TAMS 0x000000008a400000, 0x000000008a400000| Untracked 
|  61|0x000000008a500000, 0x000000008a500000, 0x000000008a600000|  0%| F|  |TAMS 0x000000008a500000, 0x000000008a500000| Untracked 
|  62|0x000000008a600000, 0x000000008a600000, 0x000000008a700000|  0%| F|  |TAMS 0x000000008a600000, 0x000000008a600000| Untracked 
|  63|0x000000008a700000, 0x000000008a700000, 0x000000008a800000|  0%| F|  |TAMS 0x000000008a700000, 0x000000008a700000| Untracked 
|  64|0x000000008a800000, 0x000000008a800000, 0x000000008a900000|  0%| F|  |TAMS 0x000000008a800000, 0x000000008a800000| Untracked 
|  65|0x000000008a900000, 0x000000008a900000, 0x000000008aa00000|  0%| F|  |TAMS 0x000000008a900000, 0x000000008a900000| Untracked 
|  66|0x000000008aa00000, 0x000000008aa00000, 0x000000008ab00000|  0%| F|  |TAMS 0x000000008aa00000, 0x000000008aa00000| Untracked 
|  67|0x000000008ab00000, 0x000000008ab00000, 0x000000008ac00000|  0%| F|  |TAMS 0x000000008ab00000, 0x000000008ab00000| Untracked 
|  68|0x000000008ac00000, 0x000000008ac00000, 0x000000008ad00000|  0%| F|  |TAMS 0x000000008ac00000, 0x000000008ac00000| Untracked 
|  69|0x000000008ad00000, 0x000000008ad00000, 0x000000008ae00000|  0%| F|  |TAMS 0x000000008ad00000, 0x000000008ad00000| Untracked 
|  70|0x000000008ae00000, 0x000000008ae00000, 0x000000008af00000|  0%| F|  |TAMS 0x000000008ae00000, 0x000000008ae00000| Untracked 
|  71|0x000000008af00000, 0x000000008af00000, 0x000000008b000000|  0%| F|  |TAMS 0x000000008af00000, 0x000000008af00000| Untracked 
|  72|0x000000008b000000, 0x000000008b000000, 0x000000008b100000|  0%| F|  |TAMS 0x000000008b000000, 0x000000008b000000| Untracked 
|  73|0x000000008b100000, 0x000000008b100000, 0x000000008b200000|  0%| F|  |TAMS 0x000000008b100000, 0x000000008b100000| Untracked 
|  74|0x000000008b200000, 0x000000008b200000, 0x000000008b300000|  0%| F|  |TAMS 0x000000008b200000, 0x000000008b200000| Untracked 
|  75|0x000000008b300000, 0x000000008b300000, 0x000000008b400000|  0%| F|  |TAMS 0x000000008b300000, 0x000000008b300000| Untracked 
|  76|0x000000008b400000, 0x000000008b400000, 0x000000008b500000|  0%| F|  |TAMS 0x000000008b400000, 0x000000008b400000| Untracked 
|  77|0x000000008b500000, 0x000000008b500000, 0x000000008b600000|  0%| F|  |TAMS 0x000000008b500000, 0x000000008b500000| Untracked 
|  78|0x000000008b600000, 0x000000008b600000, 0x000000008b700000|  0%| F|  |TAMS 0x000000008b600000, 0x000000008b600000| Untracked 
|  79|0x000000008b700000, 0x000000008b700000, 0x000000008b800000|  0%| F|  |TAMS 0x000000008b700000, 0x000000008b700000| Untracked 
|  80|0x000000008b800000, 0x000000008b800000, 0x000000008b900000|  0%| F|  |TAMS 0x000000008b800000, 0x000000008b800000| Untracked 
|  81|0x000000008b900000, 0x000000008b900000, 0x000000008ba00000|  0%| F|  |TAMS 0x000000008b900000, 0x000000008b900000| Untracked 
|  82|0x000000008ba00000, 0x000000008ba00000, 0x000000008bb00000|  0%| F|  |TAMS 0x000000008ba00000, 0x000000008ba00000| Untracked 
|  83|0x000000008bb00000, 0x000000008bb00000, 0x000000008bc00000|  0%| F|  |TAMS 0x000000008bb00000, 0x000000008bb00000| Untracked 
|  84|0x000000008bc00000, 0x000000008bc00000, 0x000000008bd00000|  0%| F|  |TAMS 0x000000008bc00000, 0x000000008bc00000| Untracked 
|  85|0x000000008bd00000, 0x000000008bd00000, 0x000000008be00000|  0%| F|  |TAMS 0x000000008bd00000, 0x000000008bd00000| Untracked 
|  86|0x000000008be00000, 0x000000008be00000, 0x000000008bf00000|  0%| F|  |TAMS 0x000000008be00000, 0x000000008be00000| Untracked 
|  87|0x000000008bf00000, 0x000000008bf00000, 0x000000008c000000|  0%| F|  |TAMS 0x000000008bf00000, 0x000000008bf00000| Untracked 
|  88|0x000000008c000000, 0x000000008c000000, 0x000000008c100000|  0%| F|  |TAMS 0x000000008c000000, 0x000000008c000000| Untracked 
|  89|0x000000008c100000, 0x000000008c100000, 0x000000008c200000|  0%| F|  |TAMS 0x000000008c100000, 0x000000008c100000| Untracked 
|  90|0x000000008c200000, 0x000000008c200000, 0x000000008c300000|  0%| F|  |TAMS 0x000000008c200000, 0x000000008c200000| Untracked 
|  91|0x000000008c300000, 0x000000008c300000, 0x000000008c400000|  0%| F|  |TAMS 0x000000008c300000, 0x000000008c300000| Untracked 
|  92|0x000000008c400000, 0x000000008c400000, 0x000000008c500000|  0%| F|  |TAMS 0x000000008c400000, 0x000000008c400000| Untracked 
|  93|0x000000008c500000, 0x000000008c500000, 0x000000008c600000|  0%| F|  |TAMS 0x000000008c500000, 0x000000008c500000| Untracked 
|  94|0x000000008c600000, 0x000000008c600000, 0x000000008c700000|  0%| F|  |TAMS 0x000000008c600000, 0x000000008c600000| Untracked 
|  95|0x000000008c700000, 0x000000008c700000, 0x000000008c800000|  0%| F|  |TAMS 0x000000008c700000, 0x000000008c700000| Untracked 
|  96|0x000000008c800000, 0x000000008c800000, 0x000000008c900000|  0%| F|  |TAMS 0x000000008c800000, 0x000000008c800000| Untracked 
|  97|0x000000008c900000, 0x000000008c900000, 0x000000008ca00000|  0%| F|  |TAMS 0x000000008c900000, 0x000000008c900000| Untracked 
|  98|0x000000008ca00000, 0x000000008ca00000, 0x000000008cb00000|  0%| F|  |TAMS 0x000000008ca00000, 0x000000008ca00000| Untracked 
|  99|0x000000008cb00000, 0x000000008cb00000, 0x000000008cc00000|  0%| F|  |TAMS 0x000000008cb00000, 0x000000008cb00000| Untracked 
| 100|0x000000008cc00000, 0x000000008cc00000, 0x000000008cd00000|  0%| F|  |TAMS 0x000000008cc00000, 0x000000008cc00000| Untracked 
| 101|0x000000008cd00000, 0x000000008cd00000, 0x000000008ce00000|  0%| F|  |TAMS 0x000000008cd00000, 0x000000008cd00000| Untracked 
| 102|0x000000008ce00000, 0x000000008ce00000, 0x000000008cf00000|  0%| F|  |TAMS 0x000000008ce00000, 0x000000008ce00000| Untracked 
| 103|0x000000008cf00000, 0x000000008cf00000, 0x000000008d000000|  0%| F|  |TAMS 0x000000008cf00000, 0x000000008cf00000| Untracked 
| 104|0x000000008d000000, 0x000000008d000000, 0x000000008d100000|  0%| F|  |TAMS 0x000000008d000000, 0x000000008d000000| Untracked 
| 105|0x000000008d100000, 0x000000008d100000, 0x000000008d200000|  0%| F|  |TAMS 0x000000008d100000, 0x000000008d100000| Untracked 
| 106|0x000000008d200000, 0x000000008d200000, 0x000000008d300000|  0%| F|  |TAMS 0x000000008d200000, 0x000000008d200000| Untracked 
| 107|0x000000008d300000, 0x000000008d300000, 0x000000008d400000|  0%| F|  |TAMS 0x000000008d300000, 0x000000008d300000| Untracked 
| 108|0x000000008d400000, 0x000000008d400000, 0x000000008d500000|  0%| F|  |TAMS 0x000000008d400000, 0x000000008d400000| Untracked 
| 109|0x000000008d500000, 0x000000008d500000, 0x000000008d600000|  0%| F|  |TAMS 0x000000008d500000, 0x000000008d500000| Untracked 
| 110|0x000000008d600000, 0x000000008d600000, 0x000000008d700000|  0%| F|  |TAMS 0x000000008d600000, 0x000000008d600000| Untracked 
| 111|0x000000008d700000, 0x000000008d700000, 0x000000008d800000|  0%| F|  |TAMS 0x000000008d700000, 0x000000008d700000| Untracked 
| 112|0x000000008d800000, 0x000000008d800000, 0x000000008d900000|  0%| F|  |TAMS 0x000000008d800000, 0x000000008d800000| Untracked 
| 113|0x000000008d900000, 0x000000008d900000, 0x000000008da00000|  0%| F|  |TAMS 0x000000008d900000, 0x000000008d900000| Untracked 
| 114|0x000000008da00000, 0x000000008da00000, 0x000000008db00000|  0%| F|  |TAMS 0x000000008da00000, 0x000000008da00000| Untracked 
| 115|0x000000008db00000, 0x000000008db00000, 0x000000008dc00000|  0%| F|  |TAMS 0x000000008db00000, 0x000000008db00000| Untracked 
| 116|0x000000008dc00000, 0x000000008dc00000, 0x000000008dd00000|  0%| F|  |TAMS 0x000000008dc00000, 0x000000008dc00000| Untracked 
| 117|0x000000008dd00000, 0x000000008dd00000, 0x000000008de00000|  0%| F|  |TAMS 0x000000008dd00000, 0x000000008dd00000| Untracked 
| 118|0x000000008de00000, 0x000000008de00000, 0x000000008df00000|  0%| F|  |TAMS 0x000000008de00000, 0x000000008de00000| Untracked 
| 119|0x000000008df00000, 0x000000008df00000, 0x000000008e000000|  0%| F|  |TAMS 0x000000008df00000, 0x000000008df00000| Untracked 
| 120|0x000000008e000000, 0x000000008e000000, 0x000000008e100000|  0%| F|  |TAMS 0x000000008e000000, 0x000000008e000000| Untracked 
| 121|0x000000008e100000, 0x000000008e17ae20, 0x000000008e200000| 48%| E|  |TAMS 0x000000008e100000, 0x000000008e100000| Complete 
|1942|0x00000000ffe00000, 0x00000000ffe47000, 0x00000000fff00000| 27%|OA|  |TAMS 0x00000000ffe00000, 0x00000000ffe00000| Untracked 
|1943|0x00000000fff00000, 0x00000000fff6b000, 0x0000000100000000| 41%|CA|  |TAMS 0x00000000fff00000, 0x00000000fff00000| Untracked 

Card table byte_map: [0x00007f603d36f000,0x00007f603d73b000] _byte_map_base: 0x00007f603cf3b000

Marking Bits (Prev, Next): (CMBitMap*) 0x00007f6038057f48, (CMBitMap*) 0x00007f6038057f80
 Prev Bits: [0x00007f601a1a0000, 0x00007f601c000000)
 Next Bits: [0x00007f6018340000, 0x00007f601a1a0000)

Polling page: 0x00007f6042568000

Metaspace:

Usage:
  Non-class:      4.00 MB capacity,   224 bytes ( <1%) used,     4.00 MB (>99%) free+waste,    64 bytes ( <1%) overhead. 
      Class:    384.00 KB capacity,     1.97 KB ( <1%) used,   381.97 KB (>99%) free+waste,    64 bytes ( <1%) overhead. 
       Both:      4.38 MB capacity,     2.19 KB ( <1%) used,     4.37 MB (>99%) free+waste,   128 bytes ( <1%) overhead. 

Virtual space:
  Non-class space:        8.00 MB reserved,       4.00 MB ( 50%) committed 
      Class space:        1.00 GB reserved,     384.00 KB ( <1%) committed 
             Both:        1.01 GB reserved,       4.38 MB ( <1%) committed 

Chunk freelists:
   Non-Class:  0 bytes
       Class:  0 bytes
        Both:  0 bytes

MaxMetaspaceSize: unlimited
CompressedClassSpaceSize: 1.00 GB

CodeHeap 'non-profiled nmethods': size=120032Kb used=0Kb max_used=0Kb free=120032Kb
 bounds [0x00007f6028359000, 0x00007f60285c9000, 0x00007f602f891000]
CodeHeap 'profiled nmethods': size=120028Kb used=0Kb max_used=0Kb free=120028Kb
 bounds [0x00007f6020e22000, 0x00007f6021092000, 0x00007f6028359000]
CodeHeap 'non-nmethods': size=5700Kb used=359Kb max_used=359Kb free=5340Kb
 bounds [0x00007f6020891000, 0x00007f6020b01000, 0x00007f6020e22000]
 total_blobs=140 nmethods=0 adapters=113
 compilation: enabled
              stopped_count=0, restarted_count=0
 full_count=0

Compilation events (0 events):
No events

GC Heap History (0 events):
No events

Deoptimization events (0 events):
No events

Classes redefined (0 events):
No events

Internal exceptions (0 events):
No events

Events (3 events):
Event: 0.002 Protecting memory [0x00007f6042450000,0x00007f6042454000] with protection modes 0
Event: 0.002 Loaded shared library /usr/lib/jvm/java-11-openjdk-amd64/lib/libzip.so
Event: 0.035 Thread 0x00007f6038017000 Thread added: 0x00007f6038017000


Dynamic libraries:
86800000-8e200000 rw-p 00000000 00:00 0 
8e200000-ffe00000 ---p 00000000 00:00 0 
ffe00000-ffe47000 rw-p 01111000 103:06 4867197                           /usr/lib/jvm/java-11-openjdk-amd64/lib/server/classes.jsa
ffe47000-fff00000 rw-p 00000000 00:00 0 
fff00000-fff6b000 rw-p 010a6000 103:06 4867197                           /usr/lib/jvm/java-11-openjdk-amd64/lib/server/classes.jsa
fff6b000-100000000 rw-p 00000000 00:00 0 
800000000-800002000 rwxp 00001000 103:06 4867197                         /usr/lib/jvm/java-11-openjdk-amd64/lib/server/classes.jsa
800002000-8003b9000 rw-p 00003000 103:06 4867197                         /usr/lib/jvm/java-11-openjdk-amd64/lib/server/classes.jsa
8003b9000-800a96000 r--p 003ba000 103:06 4867197                         /usr/lib/jvm/java-11-openjdk-amd64/lib/server/classes.jsa
800a96000-800a97000 rw-p 00a97000 103:06 4867197                         /usr/lib/jvm/java-11-openjdk-amd64/lib/server/classes.jsa
800a97000-8010a5000 r--p 00a98000 103:06 4867197                         /usr/lib/jvm/java-11-openjdk-amd64/lib/server/classes.jsa
840000000-840060000 rw-p 00000000 00:00 0 
840060000-880000000 ---p 00000000 00:00 0 
5560e6c65000-5560e6c66000 r-xp 00000000 103:06 4850937                   /usr/lib/jvm/java-11-openjdk-amd64/bin/java
5560e6e66000-5560e6e67000 r--p 00001000 103:06 4850937                   /usr/lib/jvm/java-11-openjdk-amd64/bin/java
5560e6e67000-5560e6e68000 rw-p 00002000 103:06 4850937                   /usr/lib/jvm/java-11-openjdk-amd64/bin/java
5560e8969000-5560e898a000 rw-p 00000000 00:00 0                          [heap]
7f6000000000-7f6000021000 rw-p 00000000 00:00 0 
7f6000021000-7f6004000000 ---p 00000000 00:00 0 
7f6004000000-7f6004021000 rw-p 00000000 00:00 0 
7f6004021000-7f6008000000 ---p 00000000 00:00 0 
7f6008000000-7f6008021000 rw-p 00000000 00:00 0 
7f6008021000-7f600c000000 ---p 00000000 00:00 0 
7f600c000000-7f600c021000 rw-p 00000000 00:00 0 
7f600c021000-7f6010000000 ---p 00000000 00:00 0 
7f6012000000-7f6014000000 rw-p 00000000 00:00 0 
7f6014000000-7f6014021000 rw-p 00000000 00:00 0 
7f6014021000-7f6018000000 ---p 00000000 00:00 0 
7f6018340000-7f6018528000 rw-p 00000000 00:00 0 
7f6018528000-7f601a198000 ---p 00000000 00:00 0 
7f601a198000-7f601a388000 rw-p 00000000 00:00 0 
7f601a388000-7f601bff8000 ---p 00000000 00:00 0 
7f601bff8000-7f601c000000 rw-p 00000000 00:00 0 
7f601c000000-7f601c021000 rw-p 00000000 00:00 0 
7f601c021000-7f6020000000 ---p 00000000 00:00 0 
7f6020091000-7f6020491000 rw-p 00000000 00:00 0 
7f6020491000-7f6020891000 ---p 00000000 00:00 0 
7f6020891000-7f6020b01000 rwxp 00000000 00:00 0 
7f6020b01000-7f6020e22000 ---p 00000000 00:00 0 
7f6020e22000-7f6021092000 rwxp 00000000 00:00 0 
7f6021092000-7f6028359000 ---p 00000000 00:00 0 
7f6028359000-7f60285c9000 rwxp 00000000 00:00 0 
7f60285c9000-7f602f891000 ---p 00000000 00:00 0 
7f602f891000-7f6038000000 r--s 00000000 103:06 4878736                   /usr/lib/jvm/java-11-openjdk-amd64/lib/modules
7f6038000000-7f6038127000 rw-p 00000000 00:00 0 
7f6038127000-7f603c000000 ---p 00000000 00:00 0 
7f603c18d000-7f603c18e000 ---p 00000000 00:00 0 
7f603c18e000-7f603c393000 rw-p 00000000 00:00 0 
7f603c393000-7f603c394000 ---p 00000000 00:00 0 
7f603c394000-7f603c495000 rw-p 00000000 00:00 0 
7f603c495000-7f603c496000 ---p 00000000 00:00 0 
7f603c496000-7f603cd9f000 rw-p 00000000 00:00 0 
7f603cd9f000-7f603cda0000 ---p 00000000 00:00 0 
7f603cda0000-7f603cea1000 rw-p 00000000 00:00 0 
7f603cea1000-7f603cea2000 ---p 00000000 00:00 0 
7f603cea2000-7f603cfe0000 rw-p 00000000 00:00 0 
7f603cfe0000-7f603d36e000 ---p 00000000 00:00 0 
7f603d36e000-7f603d3ac000 rw-p 00000000 00:00 0 
7f603d3ac000-7f603d73a000 ---p 00000000 00:00 0 
7f603d73a000-7f603d778000 rw-p 00000000 00:00 0 
7f603d778000-7f603db06000 ---p 00000000 00:00 0 
7f603db06000-7f603e30f000 rw-p 00000000 00:00 0 
7f603e30f000-7f603e310000 ---p 00000000 00:00 0 
7f603e310000-7f603e416000 rw-p 00000000 00:00 0 
7f603e416000-7f603e4fc000 ---p 00000000 00:00 0 
7f603e4fc000-7f603e501000 rw-p 00000000 00:00 0 
7f603e501000-7f603e5e7000 ---p 00000000 00:00 0 
7f603e5e7000-7f603e5ee000 r-xp 00000000 103:06 4878735                   /usr/lib/jvm/java-11-openjdk-amd64/lib/libzip.so
7f603e5ee000-7f603e7ed000 ---p 00007000 103:06 4878735                   /usr/lib/jvm/java-11-openjdk-amd64/lib/libzip.so
7f603e7ed000-7f603e7ee000 r--p 00006000 103:06 4878735                   /usr/lib/jvm/java-11-openjdk-amd64/lib/libzip.so
7f603e7ee000-7f603e7ef000 rw-p 00007000 103:06 4878735                   /usr/lib/jvm/java-11-openjdk-amd64/lib/libzip.so
7f603e7ef000-7f603e7fa000 r-xp 00000000 103:06 2631869                   /lib/x86_64-linux-gnu/libnss_files-2.27.so
7f603e7fa000-7f603e9f9000 ---p 0000b000 103:06 2631869                   /lib/x86_64-linux-gnu/libnss_files-2.27.so
7f603e9f9000-7f603e9fa000 r--p 0000a000 103:06 2631869                   /lib/x86_64-linux-gnu/libnss_files-2.27.so
7f603e9fa000-7f603e9fb000 rw-p 0000b000 103:06 2631869                   /lib/x86_64-linux-gnu/libnss_files-2.27.so
7f603e9fb000-7f603ea01000 rw-p 00000000 00:00 0 
7f603ea01000-7f603ea18000 r-xp 00000000 103:06 2631866                   /lib/x86_64-linux-gnu/libnsl-2.27.so
7f603ea18000-7f603ec17000 ---p 00017000 103:06 2631866                   /lib/x86_64-linux-gnu/libnsl-2.27.so
7f603ec17000-7f603ec18000 r--p 00016000 103:06 2631866                   /lib/x86_64-linux-gnu/libnsl-2.27.so
7f603ec18000-7f603ec19000 rw-p 00017000 103:06 2631866                   /lib/x86_64-linux-gnu/libnsl-2.27.so
7f603ec19000-7f603ec1b000 rw-p 00000000 00:00 0 
7f603ec1b000-7f603ec26000 r-xp 00000000 103:06 2631871                   /lib/x86_64-linux-gnu/libnss_nis-2.27.so
7f603ec26000-7f603ee25000 ---p 0000b000 103:06 2631871                   /lib/x86_64-linux-gnu/libnss_nis-2.27.so
7f603ee25000-7f603ee26000 r--p 0000a000 103:06 2631871                   /lib/x86_64-linux-gnu/libnss_nis-2.27.so
7f603ee26000-7f603ee27000 rw-p 0000b000 103:06 2631871                   /lib/x86_64-linux-gnu/libnss_nis-2.27.so
7f603ee27000-7f603ee2f000 r-xp 00000000 103:06 2631867                   /lib/x86_64-linux-gnu/libnss_compat-2.27.so
7f603ee2f000-7f603f02f000 ---p 00008000 103:06 2631867                   /lib/x86_64-linux-gnu/libnss_compat-2.27.so
7f603f02f000-7f603f030000 r--p 00008000 103:06 2631867                   /lib/x86_64-linux-gnu/libnss_compat-2.27.so
7f603f030000-7f603f031000 rw-p 00009000 103:06 2631867                   /lib/x86_64-linux-gnu/libnss_compat-2.27.so
7f603f031000-7f603f036000 r-xp 00000000 103:06 4878718                   /usr/lib/jvm/java-11-openjdk-amd64/lib/libjimage.so
7f603f036000-7f603f235000 ---p 00005000 103:06 4878718                   /usr/lib/jvm/java-11-openjdk-amd64/lib/libjimage.so
7f603f235000-7f603f236000 r--p 00004000 103:06 4878718                   /usr/lib/jvm/java-11-openjdk-amd64/lib/libjimage.so
7f603f236000-7f603f237000 rw-p 00005000 103:06 4878718                   /usr/lib/jvm/java-11-openjdk-amd64/lib/libjimage.so
7f603f237000-7f603f260000 r-xp 00000000 103:06 4878714                   /usr/lib/jvm/java-11-openjdk-amd64/lib/libjava.so
7f603f260000-7f603f460000 ---p 00029000 103:06 4878714                   /usr/lib/jvm/java-11-openjdk-amd64/lib/libjava.so
7f603f460000-7f603f461000 r--p 00029000 103:06 4878714                   /usr/lib/jvm/java-11-openjdk-amd64/lib/libjava.so
7f603f461000-7f603f462000 rw-p 0002a000 103:06 4878714                   /usr/lib/jvm/java-11-openjdk-amd64/lib/libjava.so
7f603f462000-7f603f463000 rw-p 00000000 00:00 0 
7f603f463000-7f603f470000 r-xp 00000000 103:06 4878734                   /usr/lib/jvm/java-11-openjdk-amd64/lib/libverify.so
7f603f470000-7f603f66f000 ---p 0000d000 103:06 4878734                   /usr/lib/jvm/java-11-openjdk-amd64/lib/libverify.so
7f603f66f000-7f603f671000 r--p 0000c000 103:06 4878734                   /usr/lib/jvm/java-11-openjdk-amd64/lib/libverify.so
7f603f671000-7f603f672000 rw-p 0000e000 103:06 4878734                   /usr/lib/jvm/java-11-openjdk-amd64/lib/libverify.so
7f603f672000-7f603f679000 r-xp 00000000 103:06 2631876                   /lib/x86_64-linux-gnu/librt-2.27.so
7f603f679000-7f603f878000 ---p 00007000 103:06 2631876                   /lib/x86_64-linux-gnu/librt-2.27.so
7f603f878000-7f603f879000 r--p 00006000 103:06 2631876                   /lib/x86_64-linux-gnu/librt-2.27.so
7f603f879000-7f603f87a000 rw-p 00007000 103:06 2631876                   /lib/x86_64-linux-gnu/librt-2.27.so
7f603f87a000-7f603f891000 r-xp 00000000 103:06 2626808                   /lib/x86_64-linux-gnu/libgcc_s.so.1
7f603f891000-7f603fa90000 ---p 00017000 103:06 2626808                   /lib/x86_64-linux-gnu/libgcc_s.so.1
7f603fa90000-7f603fa91000 r--p 00016000 103:06 2626808                   /lib/x86_64-linux-gnu/libgcc_s.so.1
7f603fa91000-7f603fa92000 rw-p 00017000 103:06 2626808                   /lib/x86_64-linux-gnu/libgcc_s.so.1
7f603fa92000-7f603fc2f000 r-xp 00000000 103:06 2631863                   /lib/x86_64-linux-gnu/libm-2.27.so
7f603fc2f000-7f603fe2e000 ---p 0019d000 103:06 2631863                   /lib/x86_64-linux-gnu/libm-2.27.so
7f603fe2e000-7f603fe2f000 r--p 0019c000 103:06 2631863                   /lib/x86_64-linux-gnu/libm-2.27.so
7f603fe2f000-7f603fe30000 rw-p 0019d000 103:06 2631863                   /lib/x86_64-linux-gnu/libm-2.27.so
7f603fe30000-7f603ffa9000 r-xp 00000000 103:06 4859227                   /usr/lib/x86_64-linux-gnu/libstdc++.so.6.0.25
7f603ffa9000-7f60401a9000 ---p 00179000 103:06 4859227                   /usr/lib/x86_64-linux-gnu/libstdc++.so.6.0.25
7f60401a9000-7f60401b3000 r--p 00179000 103:06 4859227                   /usr/lib/x86_64-linux-gnu/libstdc++.so.6.0.25
7f60401b3000-7f60401b5000 rw-p 00183000 103:06 4859227                   /usr/lib/x86_64-linux-gnu/libstdc++.so.6.0.25
7f60401b5000-7f60401b9000 rw-p 00000000 00:00 0 
7f60401b9000-7f60413af000 r-xp 00000000 103:06 4878739                   /usr/lib/jvm/java-11-openjdk-amd64/lib/server/libjvm.so
7f60413af000-7f60415ae000 ---p 011f6000 103:06 4878739                   /usr/lib/jvm/java-11-openjdk-amd64/lib/server/libjvm.so
7f60415ae000-7f604166f000 r--p 011f5000 103:06 4878739                   /usr/lib/jvm/java-11-openjdk-amd64/lib/server/libjvm.so
7f604166f000-7f60416aa000 rw-p 012b6000 103:06 4878739                   /usr/lib/jvm/java-11-openjdk-amd64/lib/server/libjvm.so
7f60416aa000-7f6041701000 rw-p 00000000 00:00 0 
7f6041701000-7f604171b000 r-xp 00000000 103:06 2631874                   /lib/x86_64-linux-gnu/libpthread-2.27.so
7f604171b000-7f604191a000 ---p 0001a000 103:06 2631874                   /lib/x86_64-linux-gnu/libpthread-2.27.so
7f604191a000-7f604191b000 r--p 00019000 103:06 2631874                   /lib/x86_64-linux-gnu/libpthread-2.27.so
7f604191b000-7f604191c000 rw-p 0001a000 103:06 2631874                   /lib/x86_64-linux-gnu/libpthread-2.27.so
7f604191c000-7f6041920000 rw-p 00000000 00:00 0 
7f6041920000-7f6041923000 r-xp 00000000 103:06 2631862                   /lib/x86_64-linux-gnu/libdl-2.27.so
7f6041923000-7f6041b22000 ---p 00003000 103:06 2631862                   /lib/x86_64-linux-gnu/libdl-2.27.so
7f6041b22000-7f6041b23000 r--p 00002000 103:06 2631862                   /lib/x86_64-linux-gnu/libdl-2.27.so
7f6041b23000-7f6041b24000 rw-p 00003000 103:06 2631862                   /lib/x86_64-linux-gnu/libdl-2.27.so
7f6041b24000-7f6041b40000 r-xp 00000000 103:06 2626943                   /lib/x86_64-linux-gnu/libz.so.1.2.11
7f6041b40000-7f6041d3f000 ---p 0001c000 103:06 2626943                   /lib/x86_64-linux-gnu/libz.so.1.2.11
7f6041d3f000-7f6041d40000 r--p 0001b000 103:06 2626943                   /lib/x86_64-linux-gnu/libz.so.1.2.11
7f6041d40000-7f6041d41000 rw-p 0001c000 103:06 2626943                   /lib/x86_64-linux-gnu/libz.so.1.2.11
7f6041d41000-7f6041f28000 r-xp 00000000 103:06 2631859                   /lib/x86_64-linux-gnu/libc-2.27.so
7f6041f28000-7f6042128000 ---p 001e7000 103:06 2631859                   /lib/x86_64-linux-gnu/libc-2.27.so
7f6042128000-7f604212c000 r--p 001e7000 103:06 2631859                   /lib/x86_64-linux-gnu/libc-2.27.so
7f604212c000-7f604212e000 rw-p 001eb000 103:06 2631859                   /lib/x86_64-linux-gnu/libc-2.27.so
7f604212e000-7f6042132000 rw-p 00000000 00:00 0 
7f6042132000-7f6042142000 r-xp 00000000 103:06 4869368                   /usr/lib/jvm/java-11-openjdk-amd64/lib/jli/libjli.so
7f6042142000-7f6042341000 ---p 00010000 103:06 4869368                   /usr/lib/jvm/java-11-openjdk-amd64/lib/jli/libjli.so
7f6042341000-7f6042342000 r--p 0000f000 103:06 4869368                   /usr/lib/jvm/java-11-openjdk-amd64/lib/jli/libjli.so
7f6042342000-7f6042343000 rw-p 00010000 103:06 4869368                   /usr/lib/jvm/java-11-openjdk-amd64/lib/jli/libjli.so
7f6042343000-7f604236c000 r-xp 00000000 103:06 2622751                   /lib/x86_64-linux-gnu/ld-2.27.so
7f6042390000-7f6042450000 rw-p 00000000 00:00 0 
7f6042450000-7f6042454000 ---p 00000000 00:00 0 
7f6042454000-7f6042553000 rw-p 00000000 00:00 0 
7f6042554000-7f6042559000 rw-p 00000000 00:00 0 
7f6042559000-7f6042560000 ---p 00000000 00:00 0 
7f6042560000-7f6042568000 rw-s 00000000 103:06 3932188                   /tmp/hsperfdata_nikhil/23453
7f6042568000-7f6042569000 ---p 00000000 00:00 0 
7f6042569000-7f604256a000 r--p 00000000 00:00 0 
7f604256a000-7f604256c000 rw-p 00000000 00:00 0 
7f604256c000-7f604256d000 r--p 00029000 103:06 2622751                   /lib/x86_64-linux-gnu/ld-2.27.so
7f604256d000-7f604256e000 rw-p 0002a000 103:06 2622751                   /lib/x86_64-linux-gnu/ld-2.27.so
7f604256e000-7f604256f000 rw-p 00000000 00:00 0 
7fffd7b03000-7fffd7b25000 rw-p 00000000 00:00 0                          [stack]
7fffd7b66000-7fffd7b69000 r--p 00000000 00:00 0                          [vvar]
7fffd7b69000-7fffd7b6a000 r-xp 00000000 00:00 0                          [vdso]
ffffffffff600000-ffffffffff601000 --xp 00000000 00:00 0                  [vsyscall]


VM Arguments:
jvm_args: -Dfile.encoding=UTF-8 
java_command: signatureAddition.LogAnalysis
java_class_path (initial): /home/nikhil/git/Anti-Repackaging-By-pass/signatureAddition/target/classes:/home/nikhil/.m2/repository/commons-codec/commons-codec/1.15/commons-codec-1.15.jar:/home/nikhil/.m2/repository/org/seleniumhq/selenium/selenium-java/3.141.59/selenium-java-3.141.59.jar:/home/nikhil/.m2/repository/org/seleniumhq/selenium/selenium-api/3.141.59/selenium-api-3.141.59.jar:/home/nikhil/.m2/repository/org/seleniumhq/selenium/selenium-chrome-driver/3.141.59/selenium-chrome-driver-3.141.59.jar:/home/nikhil/.m2/repository/org/seleniumhq/selenium/selenium-edge-driver/3.141.59/selenium-edge-driver-3.141.59.jar:/home/nikhil/.m2/repository/org/seleniumhq/selenium/selenium-firefox-driver/3.141.59/selenium-firefox-driver-3.141.59.jar:/home/nikhil/.m2/repository/org/seleniumhq/selenium/selenium-ie-driver/3.141.59/selenium-ie-driver-3.141.59.jar:/home/nikhil/.m2/repository/org/seleniumhq/selenium/selenium-opera-driver/3.141.59/selenium-opera-driver-3.141.59.jar:/home/nikhil/.m2/repository/org/seleniumhq/selenium/selenium-remote-driver/3.141.59/selenium-remote-driver-3.141.59.jar:/home/nikhil/.m2/repository/org/seleniumhq/selenium/selenium-safari-driver/3.141.59/selenium-safari-driver-3.141.59.jar:/home/nikhil/.m2/repository/org/seleniumhq/selenium/selenium-support/3.141.59/selenium-support-3.141.59.jar:/home/nikhil/.m2/repository/net/bytebuddy/byte-buddy/1.8.15/byte-buddy-1.8.15.jar:/home/nikhil/.m2/repository/org/apache/commons/commons-exec/1.3/commons-exec-1.3.jar:/home/nikhil/.m2/repository/com/google/guava/guava/25.0-jre/guava-25.0-jre.jar:/home/nikhil/.m2/repository/com/google/code/findbugs/jsr305/1.3.9/jsr305-1.3.9.jar:/home/nikhil/.m2/repository/org/checkerframework/checker-compat-qual/2.0.0/checker-compat-qual-2.0.0.jar:/home/nikhil/.m2/repository/com/google/errorprone/error_prone_annotations/2.1.3/error_prone_annotations-2.1.3.jar:/home/nikhil/.m2/repository/com/google/j2objc/j2objc-annotations/1.1/j2objc-annotations-1.1.jar:/home/nikhil/.m2/repository/or
Launcher Type: SUN_STANDARD

[Global flags]
     intx CICompilerCount                          = 4                                         {product} {ergonomic}
     uint ConcGCThreads                            = 2                                         {product} {ergonomic}
     uint G1ConcRefinementThreads                  = 8                                         {product} {ergonomic}
   size_t G1HeapRegionSize                         = 1048576                                   {product} {ergonomic}
    uintx GCDrainStackTargetSize                   = 64                                        {product} {ergonomic}
   size_t InitialHeapSize                          = 127926272                                 {product} {ergonomic}
   size_t MarkStackSize                            = 4194304                                   {product} {ergonomic}
   size_t MaxHeapSize                              = 2038431744                                {product} {ergonomic}
   size_t MaxNewSize                               = 1222639616                                {product} {ergonomic}
   size_t MinHeapDeltaBytes                        = 1048576                                   {product} {ergonomic}
    uintx NonNMethodCodeHeapSize                   = 5836300                                {pd product} {ergonomic}
    uintx NonProfiledCodeHeapSize                  = 122910970                              {pd product} {ergonomic}
    uintx ProfiledCodeHeapSize                     = 122910970                              {pd product} {ergonomic}
    uintx ReservedCodeCacheSize                    = 251658240                              {pd product} {ergonomic}
     bool SegmentedCodeCache                       = true                                      {product} {ergonomic}
     bool UseCompressedClassPointers               = true                                 {lp64_product} {ergonomic}
     bool UseCompressedOops                        = true                                 {lp64_product} {ergonomic}
     bool UseG1GC                                  = true                                      {product} {ergonomic}

Logging:
Log output configuration:
 #0: stdout all=warning uptime,level,tags
 #1: stderr all=off uptime,level,tags

Environment Variables:
PATH=/opt/node-v14.15.0-linux-x64/bin:/home/nikhil/.local/bin:/usr/local/ant/bin:/usr/local/sbin:/usr/local/bin:/usr/sbin:/usr/bin:/sbin:/bin:/usr/games:/usr/local/games:/usr/lib/java/jdk1.8.0_202/bin:/snap/bin
SHELL=/bin/bash
DISPLAY=:0
LANG=en_IN

Signal Handlers:
SIGSEGV: [libjvm.so+0xeef6f0], sa_mask[0]=11111111011111111101111111111110, sa_flags=SA_RESTART|SA_SIGINFO
SIGBUS: [libjvm.so+0xeef6f0], sa_mask[0]=11111111011111111101111111111110, sa_flags=SA_RESTART|SA_SIGINFO
SIGFPE: [libjvm.so+0xeef6f0], sa_mask[0]=11111111011111111101111111111110, sa_flags=SA_RESTART|SA_SIGINFO
SIGPIPE: [libjvm.so+0xc12a00], sa_mask[0]=11111111011111111101111111111110, sa_flags=SA_RESTART|SA_SIGINFO
SIGXFSZ: [libjvm.so+0xc12a00], sa_mask[0]=11111111011111111101111111111110, sa_flags=SA_RESTART|SA_SIGINFO
SIGILL: [libjvm.so+0xeef6f0], sa_mask[0]=11111111011111111101111111111110, sa_flags=SA_RESTART|SA_SIGINFO
SIGUSR2: [libjvm.so+0xc128a0], sa_mask[0]=00100000000000000000000000000000, sa_flags=SA_RESTART|SA_SIGINFO
SIGHUP: SIG_DFL, sa_mask[0]=00000000000000000000000000000000, sa_flags=none
SIGINT: SIG_DFL, sa_mask[0]=00000000000000000000000000000000, sa_flags=none
SIGTERM: SIG_DFL, sa_mask[0]=00000000000000000000000000000000, sa_flags=none
SIGQUIT: SIG_DFL, sa_mask[0]=00000000000000000000000000000000, sa_flags=none


---------------  S Y S T E M  ---------------

OS:DISTRIB_ID=Ubuntu
DISTRIB_RELEASE=18.04
DISTRIB_CODENAME=bionic
DISTRIB_DESCRIPTION="Ubuntu 18.04.5 LTS"
uname:Linux 5.4.0-70-generic #78~18.04.1-Ubuntu SMP Sat Mar 20 14:10:07 UTC 2021 x86_64
OS uptime: 1 days 16:00 hours
libc:glibc 2.27 NPTL 2.27 
rlimit (soft/hard): STACK 8192k/infinity , CORE 0k/infinity , NPROC 30889/30889 , NOFILE 1048576/1048576 , AS infinity/infinity , CPU infinity/infinity , DATA infinity/infinity , FSIZE infinity/infinity , MEMLOCK 16384k/16384k
load average:0.60 0.43 0.29

/proc/meminfo:
MemTotal:        7956736 kB
MemFree:         1791280 kB
MemAvailable:    4698916 kB
Buffers:          554360 kB
Cached:          2615348 kB
SwapCached:          812 kB
Active:          4254228 kB
Inactive:        1304004 kB
Active(anon):    2085372 kB
Inactive(anon):   544976 kB
Active(file):    2168856 kB
Inactive(file):   759028 kB
Unevictable:       53692 kB
Mlocked:             224 kB
SwapTotal:       2097148 kB
SwapFree:        2020092 kB
Dirty:               248 kB
Writeback:             0 kB
AnonPages:       2439640 kB
Mapped:           318912 kB
Shmem:            241756 kB
KReclaimable:     287428 kB
Slab:             393024 kB
SReclaimable:     287428 kB
SUnreclaim:       105596 kB
KernelStack:       12752 kB
PageTables:        47588 kB
NFS_Unstable:          0 kB
Bounce:                0 kB
WritebackTmp:          0 kB
CommitLimit:     6075516 kB
Committed_AS:    7183340 kB
VmallocTotal:   34359738367 kB
VmallocUsed:       32888 kB
VmallocChunk:          0 kB
Percpu:             3200 kB
HardwareCorrupted:     0 kB
AnonHugePages:         0 kB
ShmemHugePages:        0 kB
ShmemPmdMapped:        0 kB
FileHugePages:         0 kB
FilePmdMapped:         0 kB
CmaTotal:              0 kB
CmaFree:               0 kB
HugePages_Total:       0
HugePages_Free:        0
HugePages_Rsvd:        0
HugePages_Surp:        0
Hugepagesize:       2048 kB
Hugetlb:               0 kB
DirectMap4k:      845556 kB
DirectMap2M:     7348224 kB
DirectMap1G:     1048576 kB

/sys/kernel/mm/transparent_hugepage/enabled:
always [madvise] never
/sys/kernel/mm/transparent_hugepage/defrag (defrag/compaction efforts parameter):
always defer defer+madvise [madvise] never

/proc/sys/kernel/threads-max (system-wide limit on the number of threads):
61778
/proc/sys/vm/max_map_count (maximum number of memory map areas a process may have):
65530
/proc/sys/kernel/pid_max (system-wide limit on number of process identifiers):
32768

container (cgroup) information:
container_type: cgroupv1
cpu_cpuset_cpus: 0-7
cpu_memory_nodes: 0
active_processor_count: 8
cpu_quota: -1
cpu_period: 100000
cpu_shares: -1
memory_limit_in_bytes: -1
memory_and_swap_limit_in_bytes: -2
memory_soft_limit_in_bytes: -1
memory_usage_in_bytes: 5745455104
memory_max_usage_in_bytes: 2015232

Steal ticks since vm start: 0
Steal ticks percentage since vm start:  0.000

CPU:total 8 (initial active 8) (4 cores per cpu, 2 threads per core) family 6 model 142 stepping 12 microcode 0xde, cmov, cx8, fxsr, mmx, sse, sse2, sse3, ssse3, sse4.1, sse4.2, popcnt, avx, avx2, aes, clmul, erms, 3dnowpref, lzcnt, ht, tsc, tscinvbit, bmi1, bmi2, adx, fma
CPU Model and flags from /proc/cpuinfo:
model name	: Intel(R) Core(TM) i5-10210U CPU @ 1.60GHz
flags		: fpu vme de pse tsc msr pae mce cx8 apic sep mtrr pge mca cmov pat pse36 clflush dts acpi mmx fxsr sse sse2 ss ht tm pbe syscall nx pdpe1gb rdtscp lm constant_tsc art arch_perfmon pebs bts rep_good nopl xtopology nonstop_tsc cpuid aperfmperf pni pclmulqdq dtes64 monitor ds_cpl vmx est tm2 ssse3 sdbg fma cx16 xtpr pdcm pcid sse4_1 sse4_2 x2apic movbe popcnt tsc_deadline_timer aes xsave avx f16c rdrand lahf_lm abm 3dnowprefetch cpuid_fault epb invpcid_single ssbd ibrs ibpb stibp ibrs_enhanced tpr_shadow vnmi flexpriority ept vpid ept_ad fsgsbase tsc_adjust bmi1 avx2 smep bmi2 erms invpcid mpx rdseed adx smap clflushopt intel_pt xsaveopt xsavec xgetbv1 xsaves dtherm ida arat pln pts hwp hwp_notify hwp_act_window hwp_epp md_clear flush_l1d arch_capabilities
Online cpus:
0-7
Offline cpus:

BIOS frequency limitation:
<Not Available>
Frequency switch latency (ns):
0
Available cpu frequencies:
<Not Available>
Current governor:
powersave
Core performance/turbo boost:
<Not Available>

Memory: 4k page, physical 7956736k(1791280k free), swap 2097148k(2020092k free)

vm_info: OpenJDK 64-Bit Server VM (11.0.10+9-Ubuntu-0ubuntu1.18.04) for linux-amd64 JRE (11.0.10+9-Ubuntu-0ubuntu1.18.04), built on Jan 20 2021 02:32:18 by "unknown" with gcc 7.5.0

END.
